Build started 2015-10-12 20:27:44.
     1>Project "D:\Base\Documents\GitHub\Pool\Pool\Pool\Pool.vcxproj" on node 2 (Build target(s)).
     1>ClCompile:
         C:\Program Files (x86)\Microsoft Visual Studio 12.0\VC\bin\CL.exe /c /ISFML /ZI /nologo /W3 /WX- /sdl /Od /Oy- /D WIN32 /D _DEBUG /D _CONSOLE /D _UNICODE /D UNICODE /Gm /EHsc /RTC1 /MDd /GS /fp:precise /Zc:wchar_t /Zc:forScope /Fo"Debug\\" /Fd"Debug\vc120.pdb" /Gd /TP /analyze- /errorReport:prompt main.cpp src\Game.cpp src\Table.cpp
         main.cpp
     1>d:\base\documents\github\pool\pool\pool\src\audio.h(45): warning C4244: 'argument' : conversion from 'double' to 'float', possible loss of data
     1>d:\base\documents\github\pool\pool\pool\src\audio.h(46): warning C4244: 'argument' : conversion from 'double' to 'float', possible loss of data
     1>d:\base\documents\github\pool\pool\pool\src\audio.h(47): warning C4244: 'argument' : conversion from 'double' to 'float', possible loss of data
     1>d:\base\documents\github\pool\pool\pool\src\audio.h(53): warning C4305: '*=' : truncation from 'double' to 'float'
     1>d:\base\documents\github\pool\pool\pool\src\audio.h(56): warning C4244: 'argument' : conversion from 'double' to 'float', possible loss of data
     1>d:\base\documents\github\pool\pool\pool\src\audio.h(57): warning C4244: 'argument' : conversion from 'double' to 'float', possible loss of data
     1>d:\base\documents\github\pool\pool\pool\src\audio.h(58): warning C4244: 'argument' : conversion from 'double' to 'float', possible loss of data
     1>d:\base\documents\github\pool\pool\pool\src\audio.h(59): warning C4305: 'argument' : truncation from 'double' to 'float'
     1>d:\base\documents\github\pool\pool\pool\main.cpp(57): warning C4244: 'argument' : conversion from 'double' to 'float', possible loss of data
     1>d:\base\documents\github\pool\pool\pool\main.cpp(65): warning C4244: '+=' : conversion from 'double' to 'float', possible loss of data
     1>d:\base\documents\github\pool\pool\pool\main.cpp(132): warning C4244: '=' : conversion from 'int' to 'float', possible loss of data
     1>d:\base\documents\github\pool\pool\pool\main.cpp(133): warning C4244: '=' : conversion from 'int' to 'float', possible loss of data
         Generating Code...
         Compiling...
         Table.cpp
     1>d:\base\documents\github\pool\pool\pool\src\audio.h(45): warning C4244: 'argument' : conversion from 'double' to 'float', possible loss of data
     1>d:\base\documents\github\pool\pool\pool\src\audio.h(46): warning C4244: 'argument' : conversion from 'double' to 'float', possible loss of data
     1>d:\base\documents\github\pool\pool\pool\src\audio.h(47): warning C4244: 'argument' : conversion from 'double' to 'float', possible loss of data
     1>d:\base\documents\github\pool\pool\pool\src\audio.h(53): warning C4305: '*=' : truncation from 'double' to 'float'
     1>d:\base\documents\github\pool\pool\pool\src\audio.h(56): warning C4244: 'argument' : conversion from 'double' to 'float', possible loss of data
     1>d:\base\documents\github\pool\pool\pool\src\audio.h(57): warning C4244: 'argument' : conversion from 'double' to 'float', possible loss of data
     1>d:\base\documents\github\pool\pool\pool\src\audio.h(58): warning C4244: 'argument' : conversion from 'double' to 'float', possible loss of data
     1>d:\base\documents\github\pool\pool\pool\src\audio.h(59): warning C4305: 'argument' : truncation from 'double' to 'float'
     1>d:\base\documents\github\pool\pool\pool\src\table.cpp(369): warning C4244: 'initializing' : conversion from 'float' to 'int', possible loss of data
     1>d:\base\documents\github\pool\pool\pool\src\table.cpp(503): warning C4305: 'argument' : truncation from 'double' to 'float'
     1>d:\base\documents\github\pool\pool\pool\src\table.cpp(520): warning C4305: 'argument' : truncation from 'double' to 'float'
     1>d:\base\documents\github\pool\pool\pool\src\table.cpp(536): warning C4305: 'argument' : truncation from 'double' to 'float'
         Generating Code...
         Skipping... (no relevant changes detected)
         Game.cpp
       Link:
         C:\Program Files (x86)\Microsoft Visual Studio 12.0\VC\bin\link.exe /ERRORREPORT:PROMPT /OUT:"D:\Base\Documents\GitHub\Pool\Pool\Debug\Pool.exe" /INCREMENTAL /NOLOGO /LIBPATH:"SFML libs" "sfml-graphics-d.lib" "sfml-network-d.lib" "sfml-system-d.lib" "sfml-window-d.lib" "sfml-audio-d.lib" kernel32.lib user32.lib gdi32.lib winspool.lib comdlg32.lib advapi32.lib shell32.lib ole32.lib oleaut32.lib uuid.lib odbc32.lib odbccp32.lib /MANIFEST /MANIFESTUAC:"level='asInvoker' uiAccess='false'" /manifest:embed /DEBUG /PDB:"D:\Base\Documents\GitHub\Pool\Pool\Debug\Pool.pdb" /SUBSYSTEM:CONSOLE /TLBID:1 /DYNAMICBASE /NXCOMPAT /IMPLIB:"D:\Base\Documents\GitHub\Pool\Pool\Debug\Pool.lib" /MACHINE:X86 Debug\main.obj
         Debug\Ball.obj
         Debug\Game.obj
         Debug\Table.obj
         Pool.vcxproj -> D:\Base\Documents\GitHub\Pool\Pool\Debug\Pool.exe
     1>Done Building Project "D:\Base\Documents\GitHub\Pool\Pool\Pool\Pool.vcxproj" (Build target(s)).

Build succeeded.

Time Elapsed 00:00:02.57
